2026-03-17 20:05:56.474 - RealTimeSTT: realtimestt - INFO - Starting RealTimeSTT
2026-03-17 20:05:56.505 - RealTimeSTT: realtimestt - INFO - Initializing audio recording (creating pyAudio input stream, sample rate: 16000 buffer size: 512
2026-03-17 20:05:56.521 - RealTimeSTT: realtimestt - INFO - Initializing WebRTC voice with Sensitivity 3
2026-03-17 20:05:56.522 - RealTimeSTT: realtimestt - DEBUG - WebRTC VAD voice activity detection engine initialized successfully
2026-03-17 20:06:04.460 - RealTimeSTT: realtimestt - DEBUG - Silero VAD voice activity detection engine initialized successfully
2026-03-17 20:06:04.463 - RealTimeSTT: realtimestt - DEBUG - Starting realtime worker
2026-03-17 20:06:04.463 - RealTimeSTT: realtimestt - DEBUG - Waiting for main transcription model to start
2026-03-17 20:06:14.676 - RealTimeSTT: realtimestt - INFO - Starting RealTimeSTT
2026-03-17 20:06:14.676 - RealTimeSTT: realtimestt - INFO - Starting RealTimeSTT
2026-03-17 20:06:14.707 - RealTimeSTT: realtimestt - INFO - Initializing audio recording (creating pyAudio input stream, sample rate: 16000 buffer size: 512
2026-03-17 20:06:14.707 - RealTimeSTT: realtimestt - INFO - Initializing audio recording (creating pyAudio input stream, sample rate: 16000 buffer size: 512
2026-03-17 20:06:14.726 - RealTimeSTT: realtimestt - INFO - Initializing WebRTC voice with Sensitivity 3
2026-03-17 20:06:14.726 - RealTimeSTT: realtimestt - INFO - Initializing WebRTC voice with Sensitivity 3
2026-03-17 20:06:14.727 - RealTimeSTT: realtimestt - DEBUG - WebRTC VAD voice activity detection engine initialized successfully
2026-03-17 20:06:14.727 - RealTimeSTT: realtimestt - DEBUG - WebRTC VAD voice activity detection engine initialized successfully
2026-03-17 20:06:15.067 - RealTimeSTT: realtimestt - DEBUG - Silero VAD voice activity detection engine initialized successfully
2026-03-17 20:06:15.067 - RealTimeSTT: realtimestt - DEBUG - Silero VAD voice activity detection engine initialized successfully
2026-03-17 20:06:15.070 - RealTimeSTT: realtimestt - DEBUG - Starting realtime worker
2026-03-17 20:06:15.070 - RealTimeSTT: realtimestt - DEBUG - Starting realtime worker
2026-03-17 20:06:15.071 - RealTimeSTT: realtimestt - DEBUG - Waiting for main transcription model to start
2026-03-17 20:06:15.071 - RealTimeSTT: realtimestt - DEBUG - Waiting for main transcription model to start
2026-03-17 20:06:52.567 - RealTimeSTT: realtimestt - INFO - Starting RealTimeSTT
2026-03-17 20:06:52.567 - RealTimeSTT: realtimestt - INFO - Starting RealTimeSTT
2026-03-17 20:06:52.567 - RealTimeSTT: realtimestt - INFO - Starting RealTimeSTT
2026-03-17 20:06:52.765 - RealTimeSTT: realtimestt - INFO - Initializing audio recording (creating pyAudio input stream, sample rate: 16000 buffer size: 512
2026-03-17 20:06:52.765 - RealTimeSTT: realtimestt - INFO - Initializing audio recording (creating pyAudio input stream, sample rate: 16000 buffer size: 512
2026-03-17 20:06:52.765 - RealTimeSTT: realtimestt - INFO - Initializing audio recording (creating pyAudio input stream, sample rate: 16000 buffer size: 512
2026-03-17 20:06:52.836 - RealTimeSTT: realtimestt - INFO - Initializing WebRTC voice with Sensitivity 3
2026-03-17 20:06:52.836 - RealTimeSTT: realtimestt - INFO - Initializing WebRTC voice with Sensitivity 3
2026-03-17 20:06:52.836 - RealTimeSTT: realtimestt - INFO - Initializing WebRTC voice with Sensitivity 3
2026-03-17 20:06:52.839 - RealTimeSTT: realtimestt - DEBUG - WebRTC VAD voice activity detection engine initialized successfully
2026-03-17 20:06:52.839 - RealTimeSTT: realtimestt - DEBUG - WebRTC VAD voice activity detection engine initialized successfully
2026-03-17 20:06:52.839 - RealTimeSTT: realtimestt - DEBUG - WebRTC VAD voice activity detection engine initialized successfully
2026-03-17 20:06:55.638 - RealTimeSTT: realtimestt - DEBUG - Silero VAD voice activity detection engine initialized successfully
2026-03-17 20:06:55.638 - RealTimeSTT: realtimestt - DEBUG - Silero VAD voice activity detection engine initialized successfully
2026-03-17 20:06:55.638 - RealTimeSTT: realtimestt - DEBUG - Silero VAD voice activity detection engine initialized successfully
2026-03-17 20:06:55.999 - RealTimeSTT: realtimestt - DEBUG - Starting realtime worker
2026-03-17 20:06:55.999 - RealTimeSTT: realtimestt - DEBUG - Starting realtime worker
2026-03-17 20:06:55.999 - RealTimeSTT: realtimestt - DEBUG - Starting realtime worker
2026-03-17 20:06:56.001 - RealTimeSTT: realtimestt - DEBUG - Waiting for main transcription model to start
2026-03-17 20:06:56.001 - RealTimeSTT: realtimestt - DEBUG - Waiting for main transcription model to start
2026-03-17 20:06:56.001 - RealTimeSTT: realtimestt - DEBUG - Waiting for main transcription model to start
2026-03-17 20:07:19.101 - RealTimeSTT: realtimestt - DEBUG - Main transcription model ready
2026-03-17 20:07:19.101 - RealTimeSTT: realtimestt - DEBUG - Main transcription model ready
2026-03-17 20:07:19.101 - RealTimeSTT: realtimestt - DEBUG - Main transcription model ready
2026-03-17 20:07:19.176 - RealTimeSTT: realtimestt - DEBUG - RealtimeSTT initialization completed successfully
2026-03-17 20:07:19.176 - RealTimeSTT: realtimestt - DEBUG - RealtimeSTT initialization completed successfully
2026-03-17 20:07:19.176 - RealTimeSTT: realtimestt - DEBUG - RealtimeSTT initialization completed successfully
2026-03-17 20:07:40.885 - RealTimeSTT: realtimestt - WARNING - Audio queue size exceeds latency limit. Current size: 525. Discarding old audio chunks.
2026-03-17 20:07:40.885 - RealTimeSTT: realtimestt - WARNING - Audio queue size exceeds latency limit. Current size: 525. Discarding old audio chunks.
2026-03-17 20:07:40.892 - RealTimeSTT: realtimestt - WARNING - Audio queue size exceeds latency limit. Current size: 527. Discarding old audio chunks.
2026-03-17 20:07:40.885 - RealTimeSTT: realtimestt - WARNING - Audio queue size exceeds latency limit. Current size: 525. Discarding old audio chunks.
2026-03-17 20:07:40.892 - RealTimeSTT: realtimestt - WARNING - Audio queue size exceeds latency limit. Current size: 527. Discarding old audio chunks.
2026-03-17 20:07:40.892 - RealTimeSTT: realtimestt - WARNING - Audio queue size exceeds latency limit. Current size: 527. Discarding old audio chunks.
2026-03-17 20:08:07.348 - RealTimeSTT: realtimestt - DEBUG - Main transcription model ready
2026-03-17 20:08:07.348 - RealTimeSTT: realtimestt - DEBUG - Main transcription model ready
2026-03-17 20:08:07.348 - RealTimeSTT: realtimestt - DEBUG - Main transcription model ready
2026-03-17 20:08:07.347 - RealTimeSTT: realtimestt - WARNING - Audio queue size exceeds latency limit. Current size: 201. Discarding old audio chunks.
2026-03-17 20:08:07.365 - RealTimeSTT: realtimestt - DEBUG - RealtimeSTT initialization completed successfully
2026-03-17 20:08:07.365 - RealTimeSTT: realtimestt - DEBUG - RealtimeSTT initialization completed successfully
2026-03-17 20:08:07.365 - RealTimeSTT: realtimestt - DEBUG - RealtimeSTT initialization completed successfully
2026-03-17 20:08:07.349 - RealTimeSTT: realtimestt - WARNING - Audio queue size exceeds latency limit. Current size: 201. Discarding old audio chunks.
2026-03-17 20:08:07.347 - RealTimeSTT: realtimestt - WARNING - Audio queue size exceeds latency limit. Current size: 201. Discarding old audio chunks.
2026-03-17 20:08:07.349 - RealTimeSTT: realtimestt - WARNING - Audio queue size exceeds latency limit. Current size: 201. Discarding old audio chunks.
2026-03-17 20:08:07.347 - RealTimeSTT: realtimestt - WARNING - Audio queue size exceeds latency limit. Current size: 201. Discarding old audio chunks.
2026-03-17 20:08:07.349 - RealTimeSTT: realtimestt - WARNING - Audio queue size exceeds latency limit. Current size: 201. Discarding old audio chunks.
2026-03-17 20:08:27.867 - RealTimeSTT: realtimestt - INFO - Starting RealTimeSTT
2026-03-17 20:08:27.867 - RealTimeSTT: realtimestt - INFO - Starting RealTimeSTT
2026-03-17 20:08:27.867 - RealTimeSTT: realtimestt - INFO - Starting RealTimeSTT
2026-03-17 20:08:27.867 - RealTimeSTT: realtimestt - INFO - Starting RealTimeSTT
2026-03-17 20:08:28.053 - RealTimeSTT: realtimestt - INFO - Initializing audio recording (creating pyAudio input stream, sample rate: 16000 buffer size: 512
2026-03-17 20:08:28.053 - RealTimeSTT: realtimestt - INFO - Initializing audio recording (creating pyAudio input stream, sample rate: 16000 buffer size: 512
2026-03-17 20:08:28.053 - RealTimeSTT: realtimestt - INFO - Initializing audio recording (creating pyAudio input stream, sample rate: 16000 buffer size: 512
2026-03-17 20:08:28.053 - RealTimeSTT: realtimestt - INFO - Initializing audio recording (creating pyAudio input stream, sample rate: 16000 buffer size: 512
2026-03-17 20:08:28.117 - RealTimeSTT: realtimestt - INFO - Initializing WebRTC voice with Sensitivity 3
2026-03-17 20:08:28.117 - RealTimeSTT: realtimestt - INFO - Initializing WebRTC voice with Sensitivity 3
2026-03-17 20:08:28.117 - RealTimeSTT: realtimestt - INFO - Initializing WebRTC voice with Sensitivity 3
2026-03-17 20:08:28.117 - RealTimeSTT: realtimestt - INFO - Initializing WebRTC voice with Sensitivity 3
2026-03-17 20:08:28.119 - RealTimeSTT: realtimestt - DEBUG - WebRTC VAD voice activity detection engine initialized successfully
2026-03-17 20:08:28.119 - RealTimeSTT: realtimestt - DEBUG - WebRTC VAD voice activity detection engine initialized successfully
2026-03-17 20:08:28.119 - RealTimeSTT: realtimestt - DEBUG - WebRTC VAD voice activity detection engine initialized successfully
2026-03-17 20:08:28.119 - RealTimeSTT: realtimestt - DEBUG - WebRTC VAD voice activity detection engine initialized successfully
2026-03-17 20:08:29.436 - RealTimeSTT: realtimestt - DEBUG - Silero VAD voice activity detection engine initialized successfully
2026-03-17 20:08:29.436 - RealTimeSTT: realtimestt - DEBUG - Silero VAD voice activity detection engine initialized successfully
2026-03-17 20:08:29.436 - RealTimeSTT: realtimestt - DEBUG - Silero VAD voice activity detection engine initialized successfully
2026-03-17 20:08:29.436 - RealTimeSTT: realtimestt - DEBUG - Silero VAD voice activity detection engine initialized successfully
2026-03-17 20:08:29.446 - RealTimeSTT: realtimestt - DEBUG - Starting realtime worker
2026-03-17 20:08:29.446 - RealTimeSTT: realtimestt - DEBUG - Starting realtime worker
2026-03-17 20:08:29.446 - RealTimeSTT: realtimestt - DEBUG - Starting realtime worker
2026-03-17 20:08:29.446 - RealTimeSTT: realtimestt - DEBUG - Starting realtime worker
2026-03-17 20:08:29.449 - RealTimeSTT: realtimestt - DEBUG - Waiting for main transcription model to start
2026-03-17 20:08:29.449 - RealTimeSTT: realtimestt - DEBUG - Waiting for main transcription model to start
2026-03-17 20:08:29.449 - RealTimeSTT: realtimestt - DEBUG - Waiting for main transcription model to start
2026-03-17 20:08:29.449 - RealTimeSTT: realtimestt - DEBUG - Waiting for main transcription model to start
2026-03-17 20:08:39.393 - RealTimeSTT: realtimestt - INFO - recording stopped
2026-03-17 20:08:39.393 - RealTimeSTT: realtimestt - INFO - recording stopped
2026-03-17 20:08:39.393 - RealTimeSTT: realtimestt - INFO - recording stopped
2026-03-17 20:08:39.393 - RealTimeSTT: realtimestt - INFO - recording stopped
2026-03-17 20:08:39.417 - RealTimeSTT: realtimestt - DEBUG - Finishing recording thread
2026-03-17 20:08:39.417 - RealTimeSTT: realtimestt - DEBUG - Finishing recording thread
2026-03-17 20:08:39.417 - RealTimeSTT: realtimestt - DEBUG - Finishing recording thread
2026-03-17 20:08:39.417 - RealTimeSTT: realtimestt - DEBUG - Finishing recording thread
2026-03-17 20:08:39.432 - RealTimeSTT: realtimestt - DEBUG - Terminating reader process
2026-03-17 20:08:39.432 - RealTimeSTT: realtimestt - DEBUG - Terminating reader process
2026-03-17 20:08:39.432 - RealTimeSTT: realtimestt - DEBUG - Terminating reader process
2026-03-17 20:08:39.432 - RealTimeSTT: realtimestt - DEBUG - Terminating reader process
2026-03-17 20:08:57.807 - RealTimeSTT: realtimestt - WARNING - Reader process did not terminate in time. Terminating forcefully.
2026-03-17 20:08:57.852 - RealTimeSTT: realtimestt - WARNING - Audio queue size exceeds latency limit. Current size: 375. Discarding old audio chunks.
2026-03-17 20:08:57.807 - RealTimeSTT: realtimestt - WARNING - Reader process did not terminate in time. Terminating forcefully.
2026-03-17 20:08:57.961 - RealTimeSTT: realtimestt - WARNING - Audio queue size exceeds latency limit. Current size: 389. Discarding old audio chunks.
2026-03-17 20:08:57.852 - RealTimeSTT: realtimestt - WARNING - Audio queue size exceeds latency limit. Current size: 375. Discarding old audio chunks.
2026-03-17 20:08:57.961 - RealTimeSTT: realtimestt - WARNING - Audio queue size exceeds latency limit. Current size: 389. Discarding old audio chunks.
2026-03-17 20:08:57.852 - RealTimeSTT: realtimestt - WARNING - Audio queue size exceeds latency limit. Current size: 375. Discarding old audio chunks.
2026-03-17 20:08:57.807 - RealTimeSTT: realtimestt - WARNING - Reader process did not terminate in time. Terminating forcefully.
2026-03-17 20:08:57.961 - RealTimeSTT: realtimestt - WARNING - Audio queue size exceeds latency limit. Current size: 389. Discarding old audio chunks.
2026-03-17 20:08:57.997 - RealTimeSTT: realtimestt - DEBUG - Terminating transcription process
2026-03-17 20:08:57.997 - RealTimeSTT: realtimestt - DEBUG - Terminating transcription process
2026-03-17 20:08:57.997 - RealTimeSTT: realtimestt - DEBUG - Terminating transcription process
2026-03-17 20:08:57.997 - RealTimeSTT: realtimestt - DEBUG - Terminating transcription process
2026-03-17 20:08:57.852 - RealTimeSTT: realtimestt - WARNING - Audio queue size exceeds latency limit. Current size: 375. Discarding old audio chunks.
2026-03-17 20:08:57.961 - RealTimeSTT: realtimestt - WARNING - Audio queue size exceeds latency limit. Current size: 389. Discarding old audio chunks.
2026-03-17 20:09:07.399 - RealTimeSTT: realtimestt - DEBUG - Finishing realtime thread
2026-03-17 20:09:07.399 - RealTimeSTT: realtimestt - DEBUG - Finishing realtime thread
2026-03-17 20:09:07.399 - RealTimeSTT: realtimestt - DEBUG - Finishing realtime thread
2026-03-17 20:09:07.399 - RealTimeSTT: realtimestt - DEBUG - Finishing realtime thread
2026-03-17 20:09:11.898 - RealTimeSTT: realtimestt - WARNING - Audio queue size exceeds latency limit. Current size: 141. Discarding old audio chunks.
2026-03-17 20:09:11.898 - RealTimeSTT: realtimestt - WARNING - Audio queue size exceeds latency limit. Current size: 141. Discarding old audio chunks.
2026-03-17 20:09:11.899 - RealTimeSTT: realtimestt - WARNING - Audio queue size exceeds latency limit. Current size: 141. Discarding old audio chunks.
2026-03-17 20:09:11.898 - RealTimeSTT: realtimestt - WARNING - Audio queue size exceeds latency limit. Current size: 141. Discarding old audio chunks.
2026-03-17 20:09:11.899 - RealTimeSTT: realtimestt - WARNING - Audio queue size exceeds latency limit. Current size: 141. Discarding old audio chunks.
2026-03-17 20:09:11.899 - RealTimeSTT: realtimestt - WARNING - Audio queue size exceeds latency limit. Current size: 141. Discarding old audio chunks.
2026-03-17 20:09:11.898 - RealTimeSTT: realtimestt - WARNING - Audio queue size exceeds latency limit. Current size: 141. Discarding old audio chunks.
2026-03-17 20:09:11.899 - RealTimeSTT: realtimestt - WARNING - Audio queue size exceeds latency limit. Current size: 141. Discarding old audio chunks.
2026-03-17 20:09:51.872 - RealTimeSTT: realtimestt - INFO - Starting RealTimeSTT
2026-03-17 20:09:51.872 - RealTimeSTT: realtimestt - INFO - Starting RealTimeSTT
2026-03-17 20:09:51.872 - RealTimeSTT: realtimestt - INFO - Starting RealTimeSTT
2026-03-17 20:09:51.872 - RealTimeSTT: realtimestt - INFO - Starting RealTimeSTT
2026-03-17 20:09:51.872 - RealTimeSTT: realtimestt - INFO - Starting RealTimeSTT
2026-03-17 20:09:52.217 - RealTimeSTT: realtimestt - INFO - Initializing audio recording (creating pyAudio input stream, sample rate: 16000 buffer size: 512
2026-03-17 20:09:52.217 - RealTimeSTT: realtimestt - INFO - Initializing audio recording (creating pyAudio input stream, sample rate: 16000 buffer size: 512
2026-03-17 20:09:52.217 - RealTimeSTT: realtimestt - INFO - Initializing audio recording (creating pyAudio input stream, sample rate: 16000 buffer size: 512
2026-03-17 20:09:52.217 - RealTimeSTT: realtimestt - INFO - Initializing audio recording (creating pyAudio input stream, sample rate: 16000 buffer size: 512
2026-03-17 20:09:52.217 - RealTimeSTT: realtimestt - INFO - Initializing audio recording (creating pyAudio input stream, sample rate: 16000 buffer size: 512
2026-03-17 20:09:52.299 - RealTimeSTT: realtimestt - INFO - Initializing WebRTC voice with Sensitivity 3
2026-03-17 20:09:52.299 - RealTimeSTT: realtimestt - INFO - Initializing WebRTC voice with Sensitivity 3
2026-03-17 20:09:52.299 - RealTimeSTT: realtimestt - INFO - Initializing WebRTC voice with Sensitivity 3
2026-03-17 20:09:52.299 - RealTimeSTT: realtimestt - INFO - Initializing WebRTC voice with Sensitivity 3
2026-03-17 20:09:52.299 - RealTimeSTT: realtimestt - INFO - Initializing WebRTC voice with Sensitivity 3
2026-03-17 20:09:52.310 - RealTimeSTT: realtimestt - DEBUG - WebRTC VAD voice activity detection engine initialized successfully
2026-03-17 20:09:52.310 - RealTimeSTT: realtimestt - DEBUG - WebRTC VAD voice activity detection engine initialized successfully
2026-03-17 20:09:52.310 - RealTimeSTT: realtimestt - DEBUG - WebRTC VAD voice activity detection engine initialized successfully
2026-03-17 20:09:52.310 - RealTimeSTT: realtimestt - DEBUG - WebRTC VAD voice activity detection engine initialized successfully
2026-03-17 20:09:52.310 - RealTimeSTT: realtimestt - DEBUG - WebRTC VAD voice activity detection engine initialized successfully
2026-03-17 20:09:55.341 - RealTimeSTT: realtimestt - DEBUG - Silero VAD voice activity detection engine initialized successfully
2026-03-17 20:09:55.341 - RealTimeSTT: realtimestt - DEBUG - Silero VAD voice activity detection engine initialized successfully
2026-03-17 20:09:55.341 - RealTimeSTT: realtimestt - DEBUG - Silero VAD voice activity detection engine initialized successfully
2026-03-17 20:09:55.341 - RealTimeSTT: realtimestt - DEBUG - Silero VAD voice activity detection engine initialized successfully
2026-03-17 20:09:55.341 - RealTimeSTT: realtimestt - DEBUG - Silero VAD voice activity detection engine initialized successfully
2026-03-17 20:09:55.383 - RealTimeSTT: realtimestt - DEBUG - Starting realtime worker
2026-03-17 20:09:55.383 - RealTimeSTT: realtimestt - DEBUG - Starting realtime worker
2026-03-17 20:09:55.383 - RealTimeSTT: realtimestt - DEBUG - Waiting for main transcription model to start
2026-03-17 20:09:55.383 - RealTimeSTT: realtimestt - DEBUG - Starting realtime worker
2026-03-17 20:09:55.383 - RealTimeSTT: realtimestt - DEBUG - Starting realtime worker
2026-03-17 20:09:55.383 - RealTimeSTT: realtimestt - DEBUG - Waiting for main transcription model to start
2026-03-17 20:09:55.383 - RealTimeSTT: realtimestt - DEBUG - Waiting for main transcription model to start
2026-03-17 20:09:55.383 - RealTimeSTT: realtimestt - DEBUG - Starting realtime worker
2026-03-17 20:09:55.383 - RealTimeSTT: realtimestt - DEBUG - Waiting for main transcription model to start
2026-03-17 20:09:55.383 - RealTimeSTT: realtimestt - DEBUG - Waiting for main transcription model to start
2026-03-17 20:10:18.580 - RealTimeSTT: realtimestt - DEBUG - Main transcription model ready
2026-03-17 20:10:18.580 - RealTimeSTT: realtimestt - DEBUG - Main transcription model ready
2026-03-17 20:10:18.580 - RealTimeSTT: realtimestt - DEBUG - Main transcription model ready
2026-03-17 20:10:18.580 - RealTimeSTT: realtimestt - DEBUG - Main transcription model ready
2026-03-17 20:10:18.580 - RealTimeSTT: realtimestt - DEBUG - Main transcription model ready
2026-03-17 20:10:18.611 - RealTimeSTT: realtimestt - DEBUG - RealtimeSTT initialization completed successfully
2026-03-17 20:10:18.611 - RealTimeSTT: realtimestt - DEBUG - RealtimeSTT initialization completed successfully
2026-03-17 20:10:18.611 - RealTimeSTT: realtimestt - DEBUG - RealtimeSTT initialization completed successfully
2026-03-17 20:10:18.611 - RealTimeSTT: realtimestt - DEBUG - RealtimeSTT initialization completed successfully
2026-03-17 20:10:18.611 - RealTimeSTT: realtimestt - DEBUG - RealtimeSTT initialization completed successfully
2026-03-17 20:29:42.938 - RealTimeSTT: realtimestt - INFO - Starting RealTimeSTT
2026-03-17 20:29:42.982 - RealTimeSTT: realtimestt - INFO - Initializing audio recording (creating pyAudio input stream, sample rate: 16000 buffer size: 512
2026-03-17 20:29:42.998 - RealTimeSTT: realtimestt - INFO - Initializing WebRTC voice with Sensitivity 3
2026-03-17 20:29:42.999 - RealTimeSTT: realtimestt - DEBUG - WebRTC VAD voice activity detection engine initialized successfully
2026-03-17 20:29:43.875 - RealTimeSTT: realtimestt - DEBUG - Silero VAD voice activity detection engine initialized successfully
2026-03-17 20:29:43.878 - RealTimeSTT: realtimestt - DEBUG - Starting realtime worker
2026-03-17 20:29:43.878 - RealTimeSTT: realtimestt - DEBUG - Waiting for main transcription model to start
2026-03-17 20:30:31.216 - RealTimeSTT: realtimestt - WARNING - Audio queue size exceeds latency limit. Current size: 382. Discarding old audio chunks.
2026-03-17 20:30:48.463 - RealTimeSTT: realtimestt - DEBUG - Main transcription model ready
2026-03-17 20:30:48.484 - RealTimeSTT: realtimestt - DEBUG - RealtimeSTT initialization completed successfully
2026-03-17 20:30:48.503 - RealTimeSTT: realtimestt - INFO - Setting listen time
2026-03-17 20:30:48.506 - RealTimeSTT: realtimestt - INFO - State changed from 'inactive' to 'listening'
2026-03-17 20:30:48.507 - RealTimeSTT: realtimestt - DEBUG - Waiting for recording start
